<?xml version="1.0" encoding="UTF-8"?>
<!-- Generated by org.testng.reporters.JUnitXMLReporter -->
<testsuite ignored="0" hostname="Shobiya" failures="1" tests="1" name="Default test" time="18.77" errors="0" timestamp="29 June 2023 07:34:42 GMT">
  <testcase classname="io.cucumber.testng.AbstractTestNGCucumberTests" name="runScenario" time="15.852">
    <failure type="java.lang.NullPointerException" message="Cannot invoke &amp;quot;org.apache.log4j.Logger.info(Object)&amp;quot; because &amp;quot;this.logger&amp;quot; is null">
      <![CDATA[java.lang.NullPointerException: Cannot invoke "org.apache.log4j.Logger.info(Object)" because "this.logger" is null
at com.Utilities.Excelutility.excelread(Excelutility.java:33)
at com.Pages.Searchexcelpage.Searchwithexcel(Searchexcelpage.java:38)
at com.Stepdefenitions.SearchWithExcel_Stepdefinition.enter_Search_Text_In_the_Search_Field(SearchWithExcel_Stepdefinition.java:25)
at ✽.Enter Search Text In the Search Field(file:///C:/Users/Dell/Downloads/Flipkart_EndtoEndProject/src/test/resources/Features/SearchFunctionality.feature:65)
]]>
    </failure>
  </testcase> <!-- runScenario -->
</testsuite> <!-- Default test -->
