<?xml version="1.0" encoding="UTF-8"?>
<testng-results ignored="0" total="1" passed="0" failed="1" skipped="0">
  <reporter-output>
  </reporter-output>
  <suite started-at="2023-06-30T13:34:03Z" name="Suite" finished-at="2023-06-30T13:34:26Z" duration-ms="22630">
    <groups>
      <group name="cucumber">
        <method signature="AbstractTestNGCucumberTests.runScenario(io.cucumber.testng.PickleWrapper, io.cucumber.testng.FeatureWrapper)[pri:0, instance:com.TestRunner.runner@514cd540]" name="runScenario" class="io.cucumber.testng.AbstractTestNGCucumberTests"/>
      </group> <!-- cucumber -->
    </groups>
    <test started-at="2023-06-30T13:34:03Z" name="FlipkartAutomation" finished-at="2023-06-30T13:34:26Z" duration-ms="22630">
      <class name="com.TestRunner.runner">
        <test-method is-config="true" signature="setUpClass()[pri:0, instance:com.TestRunner.runner@514cd540]" started-at="2023-06-30T13:34:03Z" name="setUpClass" finished-at="2023-06-30T13:34:05Z" duration-ms="1312" status="PASS">
          <reporter-output>
          </reporter-output>
        </test-method> <!-- setUpClass -->
        <test-method signature="runScenario(io.cucumber.testng.PickleWrapper, io.cucumber.testng.FeatureWrapper)[pri:0, instance:com.TestRunner.runner@514cd540]" started-at="2023-06-30T13:34:05Z" name="runScenario" description="Runs Cucumber Scenarios" data-provider="scenarios" finished-at="2023-06-30T13:34:25Z" duration-ms="19819" status="FAIL">
          <params>
            <param index="0">
              <value>
                <![CDATA["To test the search fuctionality with excel sheet"]]>
              </value>
            </param>
            <param index="1">
              <value>
                <![CDATA["To validate the Flipkart Application"]]>
              </value>
            </param>
          </params>
          <exception class="java.lang.NullPointerException">
            <message>
              <![CDATA[Cannot invoke "org.apache.log4j.Logger.info(Object)" because "this.logger" is null]]>
            </message>
            <full-stacktrace>
              <![CDATA[java.lang.NullPointerException: Cannot invoke "org.apache.log4j.Logger.info(Object)" because "this.logger" is null
at com.Utilities.Excelutility.excelread(Excelutility.java:33)
at com.Pages.Searchexcelpage.Searchwithexcel(Searchexcelpage.java:38)
at com.Stepdefenitions.SearchWithExcel_Stepdefinition.enter_Search_Text_In_the_Search_Field(SearchWithExcel_Stepdefinition.java:25)
at ✽.Enter Search Text In the Search Field(file:///C:/Users/Dell/Downloads/Flipkart_EndtoEndProject/src/test/resources/Features/SearchFunctionality.feature:65)
]]>
            </full-stacktrace>
          </exception> <!-- java.lang.NullPointerException -->
          <reporter-output>
          </reporter-output>
        </test-method> <!-- runScenario -->
        <test-method is-config="true" signature="tearDownClass()[pri:0, instance:com.TestRunner.runner@514cd540]" started-at="2023-06-30T13:34:25Z" name="tearDownClass" finished-at="2023-06-30T13:34:26Z" duration-ms="968" status="PASS">
          <reporter-output>
          </reporter-output>
        </test-method> <!-- tearDownClass -->
      </class> <!-- com.TestRunner.runner -->
    </test> <!-- FlipkartAutomation -->
  </suite> <!-- Suite -->
</testng-results>
