<?xml version="1.0" encoding="UTF-8"?>
<!-- Generated by org.testng.reporters.JUnitReportReporter -->
<testsuite hostname="Shobiya" failures="0" tests="1" name="com.TestRunner.runner" time="19.819" errors="1" timestamp="30 June 2023 13:34:26 GMT" skipped="0">
  <testcase classname="com.TestRunner.runner" name="runScenario" time="19.819">
    <error message="Cannot invoke &quot;org.apache.log4j.Logger.info(Object)&quot; because &quot;this.logger&quot; is null" type="java.lang.NullPointerException">
      <![CDATA[java.lang.NullPointerException: Cannot invoke "org.apache.log4j.Logger.info(Object)" because "this.logger" is null
at com.Utilities.Excelutility.excelread(Excelutility.java:33)
at com.Pages.Searchexcelpage.Searchwithexcel(Searchexcelpage.java:38)
at com.Stepdefenitions.SearchWithExcel_Stepdefinition.enter_Search_Text_In_the_Search_Field(SearchWithExcel_Stepdefinition.java:25)
at ✽.Enter Search Text In the Search Field(file:///C:/Users/Dell/Downloads/Flipkart_EndtoEndProject/src/test/resources/Features/SearchFunctionality.feature:65)
]]>
    </error>
  </testcase> <!-- runScenario -->
</testsuite> <!-- com.TestRunner.runner -->
